"2025-11-02 18:55:28,077 INFO  [main] com.tpe.PetStore.PetStoreApplication:Starting PetStoreApplication using Java 17.0.16 on Mac with PID 4011 (/Users/alperenalkan/IdeaProjects/PetStore/target/classes started by alperenalkan in /Users/alperenalkan/IdeaProjects/PetStore)
""2025-11-02 18:55:28,081 INFO  [main] com.tpe.PetStore.PetStoreApplication:No active profile set, falling back to 1 default profile: "default"
""2025-11-02 18:55:28,569 INFO  [main] org.springframework.data.repository.config.RepositoryConfigurationDelegate:Bootstrapping Spring Data JPA repositories in DEFAULT mode.
""2025-11-02 18:55:28,593 INFO  [main] org.springframework.data.repository.config.RepositoryConfigurationDelegate:Finished Spring Data repository scanning in 21 ms. Found 3 JPA repository interfaces.
""2025-11-02 18:55:28,867 INFO  [main] org.springframework.boot.web.embedded.tomcat.TomcatWebServer:Tomcat initialized with port(s): 8080 (http)
""2025-11-02 18:55:28,871 INFO  [main] org.apache.catalina.core.StandardService:Starting service [Tomcat]
""2025-11-02 18:55:28,871 INFO  [main] org.apache.catalina.core.StandardEngine:Starting Servlet engine: [Apache Tomcat/9.0.78]
""2025-11-02 18:55:28,906 INFO  [main] org.apache.catalina.core.ContainerBase.[Tomcat].[localhost].[/]:Initializing Spring embedded WebApplicationContext
""2025-11-02 18:55:28,906 INFO  [main] org.springframework.boot.web.servlet.context.ServletWebServerApplicationContext:Root WebApplicationContext: initialization completed in 792 ms
""2025-11-02 18:55:29,001 INFO  [main] org.hibernate.jpa.internal.util.LogHelper:HHH000204: Processing PersistenceUnitInfo [name: default]
""2025-11-02 18:55:29,021 INFO  [main] org.hibernate.Version:HHH000412: Hibernate ORM core version 5.6.15.Final
""2025-11-02 18:55:29,091 INFO  [main] org.hibernate.annotations.common.Version:HCANN000001: Hibernate Commons Annotations {5.1.2.Final}
""2025-11-02 18:55:29,135 INFO  [main] com.zaxxer.hikari.HikariDataSource:HikariPool-1 - Starting...
""2025-11-02 18:55:29,239 INFO  [main] com.zaxxer.hikari.HikariDataSource:HikariPool-1 - Start completed.
""2025-11-02 18:55:29,248 INFO  [main] org.hibernate.dialect.Dialect:HHH000400: Using dialect: org.hibernate.dialect.PostgreSQL10Dialect
""2025-11-02 18:55:29,557 INFO  [main] org.hibernate.engine.transaction.jta.platform.internal.JtaPlatformInitiator:HHH000490: Using JtaPlatform implementation: [org.hibernate.engine.transaction.jta.platform.internal.NoJtaPlatform]
""2025-11-02 18:55:29,562 INFO  [main] org.springframework.orm.jpa.LocalContainerEntityManagerFactoryBean:Initialized JPA EntityManagerFactory for persistence unit 'default'
""2025-11-02 18:55:29,752 WARN  [main] org.springframework.boot.web.servlet.context.AnnotationConfigServletWebServerApplicationContext:Exception encountered during context initialization - cancelling refresh attempt: org.springframework.beans.factory.UnsatisfiedDependencyException: Error creating bean with name 'petStoreApplication': Unsatisfied dependency expressed through constructor parameter 1; nested exception is org.springframework.beans.factory.UnsatisfiedDependencyException: Error creating bean with name 'userService' defined in file [/Users/alperenalkan/IdeaProjects/PetStore/target/classes/com/tpe/PetStore/service/UserService.class]: Unsatisfied dependency expressed through constructor parameter 6; nested exception is org.springframework.beans.factory.NoSuchBeanDefinitionException: No qualifying bean of type 'com.tpe.PetStore.mapper.UserMapper' available: expected at least 1 bean which qualifies as autowire candidate. Dependency annotations: {}
""2025-11-02 18:55:29,752 INFO  [main] org.springframework.orm.jpa.LocalContainerEntityManagerFactoryBean:Closing JPA EntityManagerFactory for persistence unit 'default'
""2025-11-02 18:55:29,753 INFO  [main] com.zaxxer.hikari.HikariDataSource:HikariPool-1 - Shutdown initiated...
""2025-11-02 18:55:29,755 INFO  [main] com.zaxxer.hikari.HikariDataSource:HikariPool-1 - Shutdown completed.
""2025-11-02 18:55:29,755 INFO  [main] org.apache.catalina.core.StandardService:Stopping service [Tomcat]
""2025-11-02 18:55:29,761 INFO  [main] org.springframework.boot.autoconfigure.logging.ConditionEvaluationReportLoggingListener:

Error starting ApplicationContext. To display the conditions report re-run your application with 'debug' enabled.
""2025-11-02 18:55:29,769 ERROR [main] org.springframework.boot.diagnostics.LoggingFailureAnalysisReporter:

***************************
APPLICATION FAILED TO START
***************************

Description:

Parameter 6 of constructor in com.tpe.PetStore.service.UserService required a bean of type 'com.tpe.PetStore.mapper.UserMapper' that could not be found.


Action:

Consider defining a bean of type 'com.tpe.PetStore.mapper.UserMapper' in your configuration.

""2025-11-02 18:56:30,090 INFO  [main] com.tpe.PetStore.PetStoreApplication:Starting PetStoreApplication using Java 17.0.16 on Mac with PID 4153 (/Users/alperenalkan/IdeaProjects/PetStore/target/classes started by alperenalkan in /Users/alperenalkan/IdeaProjects/PetStore)
""2025-11-02 18:56:30,091 INFO  [main] com.tpe.PetStore.PetStoreApplication:No active profile set, falling back to 1 default profile: "default"
""2025-11-02 18:56:30,375 INFO  [main] org.springframework.data.repository.config.RepositoryConfigurationDelegate:Bootstrapping Spring Data JPA repositories in DEFAULT mode.
""2025-11-02 18:56:30,390 INFO  [main] org.springframework.data.repository.config.RepositoryConfigurationDelegate:Finished Spring Data repository scanning in 13 ms. Found 3 JPA repository interfaces.
""2025-11-02 18:56:30,558 INFO  [main] org.springframework.boot.web.embedded.tomcat.TomcatWebServer:Tomcat initialized with port(s): 8080 (http)
""2025-11-02 18:56:30,561 INFO  [main] org.apache.catalina.core.StandardService:Starting service [Tomcat]
""2025-11-02 18:56:30,561 INFO  [main] org.apache.catalina.core.StandardEngine:Starting Servlet engine: [Apache Tomcat/9.0.78]
""2025-11-02 18:56:30,589 INFO  [main] org.apache.catalina.core.ContainerBase.[Tomcat].[localhost].[/]:Initializing Spring embedded WebApplicationContext
""2025-11-02 18:56:30,589 INFO  [main] org.springframework.boot.web.servlet.context.ServletWebServerApplicationContext:Root WebApplicationContext: initialization completed in 483 ms
""2025-11-02 18:56:30,676 INFO  [main] org.hibernate.jpa.internal.util.LogHelper:HHH000204: Processing PersistenceUnitInfo [name: default]
""2025-11-02 18:56:30,694 INFO  [main] org.hibernate.Version:HHH000412: Hibernate ORM core version 5.6.15.Final
""2025-11-02 18:56:30,744 INFO  [main] org.hibernate.annotations.common.Version:HCANN000001: Hibernate Commons Annotations {5.1.2.Final}
""2025-11-02 18:56:30,773 INFO  [main] com.zaxxer.hikari.HikariDataSource:HikariPool-1 - Starting...
""2025-11-02 18:56:30,833 INFO  [main] com.zaxxer.hikari.HikariDataSource:HikariPool-1 - Start completed.
""2025-11-02 18:56:30,840 INFO  [main] org.hibernate.dialect.Dialect:HHH000400: Using dialect: org.hibernate.dialect.PostgreSQL10Dialect
""2025-11-02 18:56:31,060 INFO  [main] org.hibernate.engine.transaction.jta.platform.internal.JtaPlatformInitiator:HHH000490: Using JtaPlatform implementation: [org.hibernate.engine.transaction.jta.platform.internal.NoJtaPlatform]
""2025-11-02 18:56:31,063 INFO  [main] org.springframework.orm.jpa.LocalContainerEntityManagerFactoryBean:Initialized JPA EntityManagerFactory for persistence unit 'default'
""2025-11-02 18:56:31,240 WARN  [main] org.springframework.boot.web.servlet.context.AnnotationConfigServletWebServerApplicationContext:Exception encountered during context initialization - cancelling refresh attempt: org.springframework.beans.factory.UnsatisfiedDependencyException: Error creating bean with name 'petStoreApplication': Unsatisfied dependency expressed through constructor parameter 1; nested exception is org.springframework.beans.factory.UnsatisfiedDependencyException: Error creating bean with name 'userService' defined in file [/Users/alperenalkan/IdeaProjects/PetStore/target/classes/com/tpe/PetStore/service/UserService.class]: Unsatisfied dependency expressed through constructor parameter 6; nested exception is org.springframework.beans.factory.NoSuchBeanDefinitionException: No qualifying bean of type 'com.tpe.PetStore.mapper.UserMapper' available: expected at least 1 bean which qualifies as autowire candidate. Dependency annotations: {}
""2025-11-02 18:56:31,240 INFO  [main] org.springframework.orm.jpa.LocalContainerEntityManagerFactoryBean:Closing JPA EntityManagerFactory for persistence unit 'default'
""2025-11-02 18:56:31,241 INFO  [main] com.zaxxer.hikari.HikariDataSource:HikariPool-1 - Shutdown initiated...
""2025-11-02 18:56:31,243 INFO  [main] com.zaxxer.hikari.HikariDataSource:HikariPool-1 - Shutdown completed.
""2025-11-02 18:56:31,243 INFO  [main] org.apache.catalina.core.StandardService:Stopping service [Tomcat]
""2025-11-02 18:56:31,249 INFO  [main] org.springframework.boot.autoconfigure.logging.ConditionEvaluationReportLoggingListener:

Error starting ApplicationContext. To display the conditions report re-run your application with 'debug' enabled.
""2025-11-02 18:56:31,255 ERROR [main] org.springframework.boot.diagnostics.LoggingFailureAnalysisReporter:

***************************
APPLICATION FAILED TO START
***************************

Description:

Parameter 6 of constructor in com.tpe.PetStore.service.UserService required a bean of type 'com.tpe.PetStore.mapper.UserMapper' that could not be found.


Action:

Consider defining a bean of type 'com.tpe.PetStore.mapper.UserMapper' in your configuration.

"